Arguments: 
  /Users/wuguang/.nvm/versions/node/v14.4.0/bin/node /Users/wuguang/.nvm/versions/node/v14.4.0/bin/yarn install

PATH: 
  /Users/wuguang/.nvm/versions/node/v14.4.0/bin:/Users/wuguang/.rvm/gems/ruby-2.3.0/bin:/Users/wuguang/.rvm/gems/ruby-2.3.0@global/bin:/Users/wuguang/.rvm/rubies/ruby-2.3.0/bin:/usr/local/opt/icu4c/sbin:/usr/local/opt/icu4c/bin:/Users/wuguang/flutter/flutter/bin:/usr/local/bin:/usr/bin:/bin:/usr/sbin:/sbin:/Users/wuguang/.rvm/gems/ruby-2.3.0/bin:/Users/wuguang/.rvm/gems/ruby-2.3.0@global/bin:/Users/wuguang/.rvm/rubies/ruby-2.3.0/bin:/usr/local/opt/icu4c/sbin:/usr/local/opt/icu4c/bin:/Users/wuguang/flutter/flutter/bin:/Users/wuguang/.rvm/bin:/Users/wuguang/.rvm/bin

Yarn version: 
  1.22.5

Node version: 
  14.4.0

Platform: 
  darwin x64

Trace: 
  Error: http://47.111.10.35:4873/internal-slot/-/internal-slot-1.0.2.tgz: unexpected end of file
      at Zlib.zlibOnError [as onerror] (zlib.js:180:17)

npm manifest: 
  {
    "private": true,
    "scripts": {
      "start": "roadhog server",
      "build": "roadhog build",
      "lint": "eslint --ext .js src test",
      "precommit": "npm run lint"
    },
    "dependencies": {
      "axios": "^0.20.0",
      "crypto-js": "^4.0.0",
      "dva": "^2.4.1",
      "eslint-plugin-jsx": "^0.1.0",
      "history": "^5.0.0",
      "i18next": "^19.7.0",
      "i18next-browser-languagedetector": "^6.0.1",
      "react": "^16.2.0",
      "react-dom": "^16.2.0",
      "react-i18next": "^11.7.2",
      "tea-component": "^2.3.7",
      "vconsole": "^3.3.4"
    },
    "devDependencies": {
      "babel-plugin-dva-hmr": "^0.3.2",
      "eslint": "^4.14.0",
      "eslint-config-umi": "^0.1.1",
      "eslint-plugin-flowtype": "^2.34.1",
      "eslint-plugin-import": "^2.6.0",
      "eslint-plugin-jsx-a11y": "^5.1.1",
      "eslint-plugin-react": "^7.1.0",
      "husky": "^0.12.0",
      "redbox-react": "^1.4.3",
      "roadhog": "^2.5.0-beta.4"
    }
  }

yarn manifest: 
  No manifest

Lockfile: 
  No lockfile
